{
  "RSpec": {
    "coverage": {
      "/Users/dominicpadula/turing/Mod2/projects/pluribus/config/environment.rb": {
        "lines": [
          null,
          1,
          null,
          null,
          1
        ]
      },
      "/Users/dominicpadula/turing/Mod2/projects/pluribus/config/application.rb": {
        "lines": [
          1,
          null,
          1,
          null,
          1,
          1,
          1,
          1,
          1,
          1,
          1,
          1,
          1,
          null,
          null,
          null,
          null,
          1,
          null,
          1,
          1,
          null,
          1,
          null,
          null,
          null,
          null,
          null,
          null,
          null,
          1,
          null,
          null
        ]
      },
      "/Users/dominicpadula/turing/Mod2/projects/pluribus/config/boot.rb": {
        "lines": [
          1,
          null,
          1,
          1
        ]
      },
      "/Users/dominicpadula/turing/Mod2/projects/pluribus/config/environments/test.rb": {
        "lines": [
          1,
          null,
          null,
          null,
          null,
          null,
          null,
          1,
          null,
          null,
          null,
          null,
          1,
          null,
          null,
          1,
          1,
          null,
          null,
          null,
          null,
          1,
          1,
          null,
          null,
          1,
          null,
          null,
          1,
          null,
          null,
          1,
          null,
          1,
          null,
          null,
          null,
          null,
          1,
          null,
          null,
          1,
          null,
          null,
          null,
          null
        ]
      },
      "/Users/dominicpadula/turing/Mod2/projects/pluribus/config/initializers/application_controller_renderer.rb": {
        "lines": [
          null,
          null,
          null,
          null,
          null,
          null,
          null,
          null
        ]
      },
      "/Users/dominicpadula/turing/Mod2/projects/pluribus/config/initializers/assets.rb": {
        "lines": [
          null,
          null,
          null,
          1,
          null,
          null,
          null,
          null,
          1,
          null,
          null,
          null,
          null,
          null
        ]
      },
      "/Users/dominicpadula/turing/Mod2/projects/pluribus/config/initializers/backtrace_silencers.rb": {
        "lines": [
          null,
          null,
          null,
          null,
          null,
          null,
          null
        ]
      },
      "/Users/dominicpadula/turing/Mod2/projects/pluribus/config/initializers/content_security_policy.rb": {
        "lines": [
          null,
          null,
          null,
          null,
          null,
          null,
          null,
          null,
          null,
          null,
          null,
          null,
          null,
          null,
          null,
          null,
          null,
          null,
          null,
          null,
          null,
          null,
          null,
          null,
          null
        ]
      },
      "/Users/dominicpadula/turing/Mod2/projects/pluribus/config/initializers/cookies_serializer.rb": {
        "lines": [
          null,
          null,
          null,
          null,
          1
        ]
      },
      "/Users/dominicpadula/turing/Mod2/projects/pluribus/config/initializers/filter_parameter_logging.rb": {
        "lines": [
          null,
          null,
          null,
          1
        ]
      },
      "/Users/dominicpadula/turing/Mod2/projects/pluribus/config/initializers/inflections.rb": {
        "lines": [
          null,
          null,
          null,
          null,
          null,
          null,
          null,
          null,
          null,
          null,
          null,
          null,
          null,
          null,
          null,
          null
        ]
      },
      "/Users/dominicpadula/turing/Mod2/projects/pluribus/config/initializers/mime_types.rb": {
        "lines": [
          null,
          null,
          null,
          null
        ]
      },
      "/Users/dominicpadula/turing/Mod2/projects/pluribus/config/initializers/wrap_parameters.rb": {
        "lines": [
          null,
          null,
          null,
          null,
          null,
          null,
          1,
          2,
          null,
          null,
          null,
          null,
          null,
          null
        ]
      },
      "/Users/dominicpadula/turing/Mod2/projects/pluribus/config/routes.rb": {
        "lines": [
          1,
          null,
          1,
          null,
          1,
          1,
          1,
          1,
          1,
          1,
          1,
          null,
          null,
          null,
          1,
          1,

          1,

          1,
          1,
          1,
          1,
          null,
          null,
          null,
          1,
          1,
          null,
          null,
          null,
          1,
          1,
          1,
          null,
          1,
          1,
          1,
          1,
          1,
          1,
          1,
          null,
          null
        ]
      },
      "/Users/dominicpadula/turing/Mod2/projects/pluribus/app/helpers/application_helper.rb": {
        "lines": [
          1,
          null
        ]
      },
      "/Users/dominicpadula/turing/Mod2/projects/pluribus/app/models/exhibit.rb": {
        "lines": [
          1,
          1,
          1,
          null,
          1,
          0,
          null,
          null,
          1,
          0,
          null,
          null,

          1,
          0,
          null,
          null,
          1,

          0,
          null,
          null,
          1,
          0,

          null,
          null
        ]
      },
      "/Users/dominicpadula/turing/Mod2/projects/pluribus/app/models/application_record.rb": {
        "lines": [
          1,
          1,
          null,
          null
        ]
      },

      "/Users/dominicpadula/turing/Mod2/projects/pluribus/app/models/patron.rb": {

        "lines": [
          1,
          1,
          1,
          null,
          1,
          3,
          null,
          null,

          null
        ]
      },

      "/Users/dominicpadula/turing/Mod2/projects/pluribus/app/controllers/exhibit_patrons_controller.rb": {
        "lines": [
          1,
          1,
          5,
          1,
          4,

          1,
          0,
          null,
          null,
          1,
          1,
          1,
          null,
          null,
          null
        ]
      },
      "/Users/dominicpadula/turing/Mod2/projects/pluribus/app/controllers/patrons_controller.rb": {
        "lines": [
          1,
          1,
          4,
          1,
          null,
          3,
          null,
          null,
          null,
          1,
          null,
          null,
          1,
          0,
          0,
          null,
          0,
          0,
          null,
          null,
          1,
          0,
          null,
          null,
          1,
          0,
          null,
          null,
          1,
          0,
          0,
          0,
          0,
          null,
          null,
          1,
          0,
          0,
          null,
          null,


          1,
          0,
          null,
          null,
          1,
          0,
          0,
          null,
          null,
          1,
          0,
          0,
          null,
          null,
          null,
          null,
          0,
          0,
          null,

          null,
          1,
          1,
          0,
          null,

          null
        ]
      },
      "/Users/dominicpadula/turing/Mod2/projects/pluribus/app/controllers/application_controller.rb": {
        "lines": [
          1,

          null
        ]
      }
    },

    "timestamp": 1612997571



    "timestamp": 1612834562


    "timestamp": 1612633192

  }
}
